<?xml version="1.0" encoding="UTF-8"?>
<!-- Generated by org.testng.reporters.JUnitReportReporter -->
<testsuite skipped="0" hostname="BSC-SGH032QBSB" name="practice.ParameterTest" tests="1" failures="0" timestamp="07 Jun 2018 07:49:57 GMT" time="0.010" errors="0">
  <testcase name="testparameter" time="0.010" classname="practice.ParameterTest"/>
</testsuite> <!-- practice.ParameterTest -->
