<?xml version="1.0" encoding="UTF-8"?>
<!-- Generated by org.testng.reporters.JUnitReportReporter -->
<testsuite skipped="0" hostname="BSC-SGH032QBSB" name="practice.TestNGClass" tests="3" failures="0" timestamp="07 Jun 2018 06:57:00 GMT" time="0.019" errors="0">
  <testcase name="testB" time="0.003" classname="practice.TestNGClass"/>
  <testcase name="testC" time="0.002" classname="practice.TestNGClass"/>
  <testcase name="testA" time="0.014" classname="practice.TestNGClass"/>
</testsuite> <!-- practice.TestNGClass -->
