<?xml version="1.0" encoding="UTF-8"?>
<!-- Generated by org.testng.reporters.JUnitReportReporter -->
<testsuite skipped="0" hostname="BSC-SGH032QBSB" name="test.TestDemo" tests="1" failures="0" timestamp="23 May 2018 11:33:57 GMT" time="15.192" errors="0">
  <testcase name="demotest" time="15.192" classname="test.TestDemo"/>
</testsuite> <!-- test.TestDemo -->
