<?xml version="1.0" encoding="UTF-8"?>
<!-- Generated by org.testng.reporters.JUnitReportReporter -->
<testsuite skipped="0" hostname="BSC-SGH032QBSB" name="test.TestDemoNew" tests="1" failures="0" timestamp="23 May 2018 13:07:51 GMT" time="10.531" errors="0">
  <testcase name="demotestnew" time="10.531" classname="test.TestDemoNew"/>
</testsuite> <!-- test.TestDemoNew -->
