<?xml version="1.0" encoding="UTF-8"?>
<!-- Generated by org.testng.reporters.JUnitReportReporter -->
<testsuite skipped="0" hostname="BSC-SGH032QBSB" name="test.CreateBankAccount" tests="1" failures="0" timestamp="17 May 2018 10:10:33 GMT" time="85.123" errors="0">
  <testcase name="testCreate_BankAccount" time="85.123" classname="test.CreateBankAccount"/>
</testsuite> <!-- test.CreateBankAccount -->
