<?xml version="1.0" encoding="UTF-8"?>
<!-- Generated by org.testng.reporters.JUnitReportReporter -->
<testsuite skipped="0" hostname="BSC-SGH032QBSB" name="test.JournalCreation" tests="1" failures="0" timestamp="24 May 2018 09:52:09 GMT" time="51.551" errors="0">
  <testcase name="testJournalCreation" time="51.551" classname="test.JournalCreation"/>
</testsuite> <!-- test.JournalCreation -->
