<?xml version="1.0" encoding="UTF-8"?>
<!-- Generated by org.testng.reporters.JUnitReportReporter -->
<testsuite skipped="0" hostname="BSC-SGH032QBSB" name="test.AssetAquisition" tests="1" failures="0" timestamp="18 May 2018 05:40:42 GMT" time="97.910" errors="0">
  <testcase name="testAssetAquisition" time="97.910" classname="test.AssetAquisition"/>
</testsuite> <!-- test.AssetAquisition -->
