<?xml version="1.0" encoding="UTF-8"?>
<!-- Generated by org.testng.reporters.JUnitReportReporter -->
<testsuite skipped="0" hostname="BSC-SGH032QBSB" name="test.JournalCreation" tests="1" failures="0" timestamp="22 May 2018 12:37:23 GMT" time="27.445" errors="0">
  <testcase name="testJournalCreation" time="27.445" classname="test.JournalCreation"/>
</testsuite> <!-- test.JournalCreation -->
