<?xml version="1.0" encoding="UTF-8"?>
<!-- Generated by org.testng.reporters.JUnitReportReporter -->
<testsuite skipped="0" hostname="BSC-SGH032QBSB" name="test.TestDemo" tests="1" failures="0" timestamp="23 May 2018 13:07:51 GMT" time="13.681" errors="0">
  <testcase name="demotest" time="13.681" classname="test.TestDemo"/>
</testsuite> <!-- test.TestDemo -->
