<?xml version="1.0" encoding="UTF-8"?>
<!-- Generated by org.testng.reporters.JUnitReportReporter -->
<testsuite skipped="0" hostname="BSC-SGH032QBSB" name="test.CreateInvoice" tests="1" failures="0" timestamp="22 May 2018 12:16:16 GMT" time="32.319" errors="0">
  <testcase name="testCreateInvoice" time="32.319" classname="test.CreateInvoice"/>
</testsuite> <!-- test.CreateInvoice -->
