<?xml version="1.0" encoding="UTF-8"?>
<!-- Generated by org.testng.reporters.JUnitReportReporter -->
<testsuite skipped="0" hostname="BSC-SGH032QBSB" name="practice.GroupTest" tests="1" failures="0" timestamp="07 Jun 2018 07:33:39 GMT" time="0.011" errors="0">
  <testcase name="testB" time="0.011" classname="practice.GroupTest"/>
</testsuite> <!-- practice.GroupTest -->
