<?xml version="1.0" encoding="UTF-8"?>
<!-- Generated by org.testng.reporters.JUnitReportReporter -->
<testsuite skipped="0" hostname="BSC-SGH032QBSB" name="test.ManageAdjustment" tests="1" failures="0" timestamp="17 May 2018 09:57:06 GMT" time="68.378" errors="0">
  <testcase name="testCreate_BankAccount" time="68.378" classname="test.ManageAdjustment"/>
</testsuite> <!-- test.ManageAdjustment -->
