<?xml version="1.0" encoding="UTF-8"?>
<!-- Generated by org.testng.reporters.JUnitReportReporter -->
<testsuite skipped="0" hostname="BSC-SGH032QBSB" name="test.DemoTest" tests="1" failures="0" timestamp="16 May 2018 06:29:40 GMT" time="6.868" errors="0">
  <testcase name="testDemo" time="6.868" classname="test.DemoTest"/>
</testsuite> <!-- test.DemoTest -->
